<?xml version="1.0" encoding="UTF-8"?>
<!-- Generated by org.testng.reporters.JUnitXMLReporter -->
<testsuite ignored="0" hostname="Miftah.local" failures="0" tests="8" name="Default test" time="46.148" errors="0" timestamp="2020-07-27T17:41:23 EDT">
  <testcase classname="com.datadriven.test.HalfEbayTestWithDataProvider" name="halfEbayRegPageTest" time="1.078"/>
  <testcase classname="com.datadriven.test.HalfEbayTestWithDataProvider" name="halfEbayRegPageTest" time="1.039"/>
  <testcase classname="com.datadriven.test.HalfEbayTestWithDataProvider" name="halfEbayRegPageTest" time="1.23"/>
  <testcase classname="com.datadriven.test.HalfEbayTestWithDataProvider" name="halfEbayRegPageTest" time="1.049"/>
  <testcase classname="com.datadriven.test.HalfEbayTestWithDataProvider" name="halfEbayRegPageTest" time="1.116"/>
  <testcase classname="com.datadriven.test.HalfEbayTestWithDataProvider" name="halfEbayRegPageTest" time="1.015"/>
  <testcase classname="com.datadriven.test.HalfEbayTestWithDataProvider" name="halfEbayRegPageTest" time="1.067"/>
  <testcase classname="com.datadriven.test.HalfEbayTestWithDataProvider" name="halfEbayRegPageTest" time="1.069"/>
</testsuite> <!-- Default test -->
