<?xml version="1.0" encoding="UTF-8"?>
<!-- Generated by org.testng.reporters.JUnitXMLReporter -->
<testsuite ignored="3" hostname="Miftah.local" failures="0" tests="6" name="Regression" time="0.135" errors="0" timestamp="25 Jul 2020 03:08:18 GMT">
  <testcase classname="testPractice.Day1" name="SecondTest" time="0.01"/>
  <testcase classname="testPractice.Day1" name="demo" time="0.004"/>
  <testcase classname="testPractice.Day3" name="loginAPICarLoan" time="0.01"/>
  <testcase classname="testPractice.Day3" name="webLoginCarLoan" time="0.003"/>
  <testcase classname="testPractice.Day4" name="mobileLoginHomeLoan" time="0.003"/>
  <testcase classname="testPractice.Day4" name="webLoginHomeLoan" time="0.002"/>
  <testcase classname="testPractice.Day3" name="mobileLoginCarLoan" time="0.0">
    <ignored/>
  </testcase> <!-- mobileLoginCarLoan -->
  <testcase classname="testPractice.Day2" name="pLoan" time="0.0">
    <ignored/>
  </testcase> <!-- pLoan -->
  <testcase classname="testPractice.Day4" name="loginAPIHomeLoan" time="0.0">
    <ignored/>
  </testcase> <!-- loginAPIHomeLoan -->
</testsuite> <!-- Regression -->
