<?xml version="1.0" encoding="UTF-8"?>
<!-- Generated by org.testng.reporters.JUnitXMLReporter -->
<testsuite ignored="0" hostname="Miftah.local" failures="0" tests="3" name="Car Loan" time="0.023" errors="0" timestamp="25 Jul 2020 02:07:18 GMT">
  <testcase classname="testPractice.Day3" name="loginAPICarLoan" time="0.002"/>
  <testcase classname="testPractice.Day3" name="mobileLoginCarLoan" time="0.001"/>
  <testcase classname="testPractice.Day3" name="webLoginCarLoan" time="0.007"/>
</testsuite> <!-- Car Loan -->
