<?xml version="1.0" encoding="UTF-8"?>
<!-- Generated by org.testng.reporters.JUnitXMLReporter -->
<testsuite ignored="0" hostname="Miftah.local" failures="0" tests="9" name="Personal Loan" time="0.144" errors="0" timestamp="25 Jul 2020 02:27:48 GMT">
  <testcase classname="testPractice.Day1" name="SecondTest" time="0.008"/>
  <testcase classname="testPractice.Day1" name="demo" time="0.006"/>
  <testcase classname="testPractice.Day3" name="loginAPICarLoan" time="0.002"/>
  <testcase classname="testPractice.Day3" name="mobileLoginCarLoan" time="0.013"/>
  <testcase classname="testPractice.Day3" name="webLoginCarLoan" time="0.002"/>
  <testcase classname="testPractice.Day2" name="pLoan" time="0.002"/>
  <testcase classname="testPractice.Day4" name="loginAPIHomeLoan" time="0.003"/>
  <testcase classname="testPractice.Day4" name="mobileLoginHomeLoan" time="0.002"/>
  <testcase classname="testPractice.Day4" name="webLoginHomeLoan" time="0.01"/>
</testsuite> <!-- Personal Loan -->
