<?xml version="1.0" encoding="UTF-8"?>
<testng-results ignored="0" total="8" passed="8" failed="0" skipped="0">
  <reporter-output>
  </reporter-output>
  <suite started-at="2020-07-27T17:40:37 EDT" name="Default suite" finished-at="2020-07-27T17:41:23 EDT" duration-ms="46148">
    <groups>
    </groups>
    <test started-at="2020-07-27T17:40:37 EDT" name="Default test" finished-at="2020-07-27T17:41:23 EDT" duration-ms="46148">
      <class name="com.datadriven.test.HalfEbayTestWithDataProvider">
        <test-method is-config="true" signature="setUp()[pri:0, instance:com.datadriven.test.HalfEbayTestWithDataProvider@346d61be]" started-at="2020-07-27T17:40:38 EDT" name="setUp" finished-at="2020-07-27T17:40:45 EDT" duration-ms="6985" status="PASS">
          <reporter-output>
          </reporter-output>
        </test-method> <!-- setUp -->
        <test-method signature="halfEbayRegPageTest(java.lang.String, java.lang.String, java.lang.String, java.lang.String, java.lang.String, java.lang.String, java.lang.String, java.lang.String)[pri:0, instance:com.datadriven.test.HalfEbayTestWithDataProvider@346d61be]" started-at="2020-07-27T17:40:45 EDT" name="halfEbayRegPageTest" data-provider="getTestData" finished-at="2020-07-27T17:40:46 EDT" duration-ms="1078" status="PASS">
          <params>
            <param index="0">
              <value>
                <![CDATA[Mohammad]]>
              </value>
            </param>
            <param index="1">
              <value>
                <![CDATA[Rahman]]>
              </value>
            </param>
            <param index="2">
              <value>
                <![CDATA[8470 169 ST ]]>
              </value>
            </param>
            <param index="3">
              <value>
                <![CDATA[Apt #3]]>
              </value>
            </param>
            <param index="4">
              <value>
                <![CDATA[Jamaica]]>
              </value>
            </param>
            <param index="5">
              <value>
                <![CDATA[New York]]>
              </value>
            </param>
            <param index="6">
              <value>
                <![CDATA[11432.0]]>
              </value>
            </param>
            <param index="7">
              <value>
                <![CDATA[mohammad@gmail.com]]>
              </value>
            </param>
          </params>
          <reporter-output>
          </reporter-output>
        </test-method> <!-- halfEbayRegPageTest -->
        <test-method is-config="true" signature="tearDown()[pri:0, instance:com.datadriven.test.HalfEbayTestWithDataProvider@346d61be]" started-at="2020-07-27T17:40:46 EDT" name="tearDown" finished-at="2020-07-27T17:40:46 EDT" duration-ms="149" status="PASS">
          <reporter-output>
          </reporter-output>
        </test-method> <!-- tearDown -->
        <test-method is-config="true" signature="setUp()[pri:0, instance:com.datadriven.test.HalfEbayTestWithDataProvider@346d61be]" started-at="2020-07-27T17:40:46 EDT" name="setUp" finished-at="2020-07-27T17:40:50 EDT" duration-ms="3800" status="PASS">
          <reporter-output>
          </reporter-output>
        </test-method> <!-- setUp -->
        <test-method signature="halfEbayRegPageTest(java.lang.String, java.lang.String, java.lang.String, java.lang.String, java.lang.String, java.lang.String, java.lang.String, java.lang.String)[pri:0, instance:com.datadriven.test.HalfEbayTestWithDataProvider@346d61be]" started-at="2020-07-27T17:40:50 EDT" name="halfEbayRegPageTest" data-provider="getTestData" finished-at="2020-07-27T17:40:51 EDT" duration-ms="1039" status="PASS">
          <params>
            <param index="0">
              <value>
                <![CDATA[Misbah]]>
              </value>
            </param>
            <param index="1">
              <value>
                <![CDATA[Chowdhury]]>
              </value>
            </param>
            <param index="2">
              <value>
                <![CDATA[171-09 84 RD]]>
              </value>
            </param>
            <param index="3">
              <value>
                <![CDATA[BSMT]]>
              </value>
            </param>
            <param index="4">
              <value>
                <![CDATA[Jamaica]]>
              </value>
            </param>
            <param index="5">
              <value>
                <![CDATA[New York]]>
              </value>
            </param>
            <param index="6">
              <value>
                <![CDATA[11432.0]]>
              </value>
            </param>
            <param index="7">
              <value>
                <![CDATA[misbah@gmail.com]]>
              </value>
            </param>
          </params>
          <reporter-output>
          </reporter-output>
        </test-method> <!-- halfEbayRegPageTest -->
        <test-method is-config="true" signature="tearDown()[pri:0, instance:com.datadriven.test.HalfEbayTestWithDataProvider@346d61be]" started-at="2020-07-27T17:40:51 EDT" name="tearDown" finished-at="2020-07-27T17:40:51 EDT" duration-ms="190" status="PASS">
          <reporter-output>
          </reporter-output>
        </test-method> <!-- tearDown -->
        <test-method is-config="true" signature="setUp()[pri:0, instance:com.datadriven.test.HalfEbayTestWithDataProvider@346d61be]" started-at="2020-07-27T17:40:51 EDT" name="setUp" finished-at="2020-07-27T17:40:55 EDT" duration-ms="3271" status="PASS">
          <reporter-output>
          </reporter-output>
        </test-method> <!-- setUp -->
        <test-method signature="halfEbayRegPageTest(java.lang.String, java.lang.String, java.lang.String, java.lang.String, java.lang.String, java.lang.String, java.lang.String, java.lang.String)[pri:0, instance:com.datadriven.test.HalfEbayTestWithDataProvider@346d61be]" started-at="2020-07-27T17:40:55 EDT" name="halfEbayRegPageTest" data-provider="getTestData" finished-at="2020-07-27T17:40:56 EDT" duration-ms="1230" status="PASS">
          <params>
            <param index="0">
              <value>
                <![CDATA[Mujtaba]]>
              </value>
            </param>
            <param index="1">
              <value>
                <![CDATA[Rahman]]>
              </value>
            </param>
            <param index="2">
              <value>
                <![CDATA[8470 169 ST ]]>
              </value>
            </param>
            <param index="3">
              <value>
                <![CDATA[Apt #3]]>
              </value>
            </param>
            <param index="4">
              <value>
                <![CDATA[Jamaica]]>
              </value>
            </param>
            <param index="5">
              <value>
                <![CDATA[New York]]>
              </value>
            </param>
            <param index="6">
              <value>
                <![CDATA[11432.0]]>
              </value>
            </param>
            <param index="7">
              <value>
                <![CDATA[mujtaba@gmail.com]]>
              </value>
            </param>
          </params>
          <reporter-output>
          </reporter-output>
        </test-method> <!-- halfEbayRegPageTest -->
        <test-method is-config="true" signature="tearDown()[pri:0, instance:com.datadriven.test.HalfEbayTestWithDataProvider@346d61be]" started-at="2020-07-27T17:40:56 EDT" name="tearDown" finished-at="2020-07-27T17:40:56 EDT" duration-ms="324" status="PASS">
          <reporter-output>
          </reporter-output>
        </test-method> <!-- tearDown -->
        <test-method is-config="true" signature="setUp()[pri:0, instance:com.datadriven.test.HalfEbayTestWithDataProvider@346d61be]" started-at="2020-07-27T17:40:56 EDT" name="setUp" finished-at="2020-07-27T17:41:00 EDT" duration-ms="3405" status="PASS">
          <reporter-output>
          </reporter-output>
        </test-method> <!-- setUp -->
        <test-method signature="halfEbayRegPageTest(java.lang.String, java.lang.String, java.lang.String, java.lang.String, java.lang.String, java.lang.String, java.lang.String, java.lang.String)[pri:0, instance:com.datadriven.test.HalfEbayTestWithDataProvider@346d61be]" started-at="2020-07-27T17:41:00 EDT" name="halfEbayRegPageTest" data-provider="getTestData" finished-at="2020-07-27T17:41:01 EDT" duration-ms="1049" status="PASS">
          <params>
            <param index="0">
              <value>
                <![CDATA[Miftah]]>
              </value>
            </param>
            <param index="1">
              <value>
                <![CDATA[Chowdhury]]>
              </value>
            </param>
            <param index="2">
              <value>
                <![CDATA[171-09 84 RD]]>
              </value>
            </param>
            <param index="3">
              <value>
                <![CDATA[BSMT]]>
              </value>
            </param>
            <param index="4">
              <value>
                <![CDATA[Jamaica]]>
              </value>
            </param>
            <param index="5">
              <value>
                <![CDATA[New York]]>
              </value>
            </param>
            <param index="6">
              <value>
                <![CDATA[11432.0]]>
              </value>
            </param>
            <param index="7">
              <value>
                <![CDATA[miftah@gmail.com]]>
              </value>
            </param>
          </params>
          <reporter-output>
          </reporter-output>
        </test-method> <!-- halfEbayRegPageTest -->
        <test-method is-config="true" signature="tearDown()[pri:0, instance:com.datadriven.test.HalfEbayTestWithDataProvider@346d61be]" started-at="2020-07-27T17:41:01 EDT" name="tearDown" finished-at="2020-07-27T17:41:01 EDT" duration-ms="206" status="PASS">
          <reporter-output>
          </reporter-output>
        </test-method> <!-- tearDown -->
        <test-method is-config="true" signature="setUp()[pri:0, instance:com.datadriven.test.HalfEbayTestWithDataProvider@346d61be]" started-at="2020-07-27T17:41:01 EDT" name="setUp" finished-at="2020-07-27T17:41:04 EDT" duration-ms="2991" status="PASS">
          <reporter-output>
          </reporter-output>
        </test-method> <!-- setUp -->
        <test-method signature="halfEbayRegPageTest(java.lang.String, java.lang.String, java.lang.String, java.lang.String, java.lang.String, java.lang.String, java.lang.String, java.lang.String)[pri:0, instance:com.datadriven.test.HalfEbayTestWithDataProvider@346d61be]" started-at="2020-07-27T17:41:04 EDT" name="halfEbayRegPageTest" data-provider="getTestData" finished-at="2020-07-27T17:41:05 EDT" duration-ms="1116" status="PASS">
          <params>
            <param index="0">
              <value>
                <![CDATA[Muntaha]]>
              </value>
            </param>
            <param index="1">
              <value>
                <![CDATA[Rahman]]>
              </value>
            </param>
            <param index="2">
              <value>
                <![CDATA[8470 169 ST ]]>
              </value>
            </param>
            <param index="3">
              <value>
                <![CDATA[Apt #3]]>
              </value>
            </param>
            <param index="4">
              <value>
                <![CDATA[Jamaica]]>
              </value>
            </param>
            <param index="5">
              <value>
                <![CDATA[New York]]>
              </value>
            </param>
            <param index="6">
              <value>
                <![CDATA[11432.0]]>
              </value>
            </param>
            <param index="7">
              <value>
                <![CDATA[muntaha@gmail.com]]>
              </value>
            </param>
          </params>
          <reporter-output>
          </reporter-output>
        </test-method> <!-- halfEbayRegPageTest -->
        <test-method is-config="true" signature="tearDown()[pri:0, instance:com.datadriven.test.HalfEbayTestWithDataProvider@346d61be]" started-at="2020-07-27T17:41:05 EDT" name="tearDown" finished-at="2020-07-27T17:41:05 EDT" duration-ms="206" status="PASS">
          <reporter-output>
          </reporter-output>
        </test-method> <!-- tearDown -->
        <test-method is-config="true" signature="setUp()[pri:0, instance:com.datadriven.test.HalfEbayTestWithDataProvider@346d61be]" started-at="2020-07-27T17:41:05 EDT" name="setUp" finished-at="2020-07-27T17:41:09 EDT" duration-ms="3528" status="PASS">
          <reporter-output>
          </reporter-output>
        </test-method> <!-- setUp -->
        <test-method signature="halfEbayRegPageTest(java.lang.String, java.lang.String, java.lang.String, java.lang.String, java.lang.String, java.lang.String, java.lang.String, java.lang.String)[pri:0, instance:com.datadriven.test.HalfEbayTestWithDataProvider@346d61be]" started-at="2020-07-27T17:41:09 EDT" name="halfEbayRegPageTest" data-provider="getTestData" finished-at="2020-07-27T17:41:10 EDT" duration-ms="1015" status="PASS">
          <params>
            <param index="0">
              <value>
                <![CDATA[Bushra]]>
              </value>
            </param>
            <param index="1">
              <value>
                <![CDATA[Chowdhury]]>
              </value>
            </param>
            <param index="2">
              <value>
                <![CDATA[8470 169 ST ]]>
              </value>
            </param>
            <param index="3">
              <value>
                <![CDATA[Apt #3]]>
              </value>
            </param>
            <param index="4">
              <value>
                <![CDATA[Jamaica]]>
              </value>
            </param>
            <param index="5">
              <value>
                <![CDATA[New York]]>
              </value>
            </param>
            <param index="6">
              <value>
                <![CDATA[11432.0]]>
              </value>
            </param>
            <param index="7">
              <value>
                <![CDATA[bushra@gmail.com]]>
              </value>
            </param>
          </params>
          <reporter-output>
          </reporter-output>
        </test-method> <!-- halfEbayRegPageTest -->
        <test-method is-config="true" signature="tearDown()[pri:0, instance:com.datadriven.test.HalfEbayTestWithDataProvider@346d61be]" started-at="2020-07-27T17:41:10 EDT" name="tearDown" finished-at="2020-07-27T17:41:10 EDT" duration-ms="173" status="PASS">
          <reporter-output>
          </reporter-output>
        </test-method> <!-- tearDown -->
        <test-method is-config="true" signature="setUp()[pri:0, instance:com.datadriven.test.HalfEbayTestWithDataProvider@346d61be]" started-at="2020-07-27T17:41:10 EDT" name="setUp" finished-at="2020-07-27T17:41:13 EDT" duration-ms="2807" status="PASS">
          <reporter-output>
          </reporter-output>
        </test-method> <!-- setUp -->
        <test-method signature="halfEbayRegPageTest(java.lang.String, java.lang.String, java.lang.String, java.lang.String, java.lang.String, java.lang.String, java.lang.String, java.lang.String)[pri:0, instance:com.datadriven.test.HalfEbayTestWithDataProvider@346d61be]" started-at="2020-07-27T17:41:13 EDT" name="halfEbayRegPageTest" data-provider="getTestData" finished-at="2020-07-27T17:41:14 EDT" duration-ms="1067" status="PASS">
          <params>
            <param index="0">
              <value>
                <![CDATA[Marjana]]>
              </value>
            </param>
            <param index="1">
              <value>
                <![CDATA[Chowdhury]]>
              </value>
            </param>
            <param index="2">
              <value>
                <![CDATA[171-09 84 RD]]>
              </value>
            </param>
            <param index="3">
              <value>
                <![CDATA[BSMT]]>
              </value>
            </param>
            <param index="4">
              <value>
                <![CDATA[Jamaica]]>
              </value>
            </param>
            <param index="5">
              <value>
                <![CDATA[New York]]>
              </value>
            </param>
            <param index="6">
              <value>
                <![CDATA[11432.0]]>
              </value>
            </param>
            <param index="7">
              <value>
                <![CDATA[marjana@gmail.com]]>
              </value>
            </param>
          </params>
          <reporter-output>
          </reporter-output>
        </test-method> <!-- halfEbayRegPageTest -->
        <test-method is-config="true" signature="tearDown()[pri:0, instance:com.datadriven.test.HalfEbayTestWithDataProvider@346d61be]" started-at="2020-07-27T17:41:14 EDT" name="tearDown" finished-at="2020-07-27T17:41:14 EDT" duration-ms="172" status="PASS">
          <reporter-output>
          </reporter-output>
        </test-method> <!-- tearDown -->
        <test-method is-config="true" signature="setUp()[pri:0, instance:com.datadriven.test.HalfEbayTestWithDataProvider@346d61be]" started-at="2020-07-27T17:41:14 EDT" name="setUp" finished-at="2020-07-27T17:41:22 EDT" duration-ms="7911" status="PASS">
          <reporter-output>
          </reporter-output>
        </test-method> <!-- setUp -->
        <test-method signature="halfEbayRegPageTest(java.lang.String, java.lang.String, java.lang.String, java.lang.String, java.lang.String, java.lang.String, java.lang.String, java.lang.String)[pri:0, instance:com.datadriven.test.HalfEbayTestWithDataProvider@346d61be]" started-at="2020-07-27T17:41:22 EDT" name="halfEbayRegPageTest" data-provider="getTestData" finished-at="2020-07-27T17:41:23 EDT" duration-ms="1069" status="PASS">
          <params>
            <param index="0">
              <value>
                <![CDATA[Miskath]]>
              </value>
            </param>
            <param index="1">
              <value>
                <![CDATA[Chowdhury]]>
              </value>
            </param>
            <param index="2">
              <value>
                <![CDATA[171-09 84 RD]]>
              </value>
            </param>
            <param index="3">
              <value>
                <![CDATA[BSMT]]>
              </value>
            </param>
            <param index="4">
              <value>
                <![CDATA[Jamaica]]>
              </value>
            </param>
            <param index="5">
              <value>
                <![CDATA[New York]]>
              </value>
            </param>
            <param index="6">
              <value>
                <![CDATA[11432.0]]>
              </value>
            </param>
            <param index="7">
              <value>
                <![CDATA[miskath@gmail.com]]>
              </value>
            </param>
          </params>
          <reporter-output>
          </reporter-output>
        </test-method> <!-- halfEbayRegPageTest -->
        <test-method is-config="true" signature="tearDown()[pri:0, instance:com.datadriven.test.HalfEbayTestWithDataProvider@346d61be]" started-at="2020-07-27T17:41:23 EDT" name="tearDown" finished-at="2020-07-27T17:41:23 EDT" duration-ms="201" status="PASS">
          <reporter-output>
          </reporter-output>
        </test-method> <!-- tearDown -->
      </class> <!-- com.datadriven.test.HalfEbayTestWithDataProvider -->
    </test> <!-- Default test -->
  </suite> <!-- Default suite -->
</testng-results>
